[    0.000000] Linux version 4.15.0-213-generic (buildd@lcy02-amd64-079) (gcc version 7.5.0 (Ubuntu 7.5.0-3ubuntu1~18.04)) #224-Ubuntu SMP Mon Jun 19 13:30:12 UTC 2023 (Ubuntu 4.15.0-213.224-generic 4.15.18)
[    0.000000] Command line: BOOT_IMAGE=/boot/vmlinuz-4.15.0-213-generic root=UUID=f685bb41-0e3b-40c4-89c1-eea0f0583525 ro console=tty1 console=ttyS0
[    0.000000] KERNEL supported cpus:
[    0.000000]   Intel GenuineIntel
[    0.000000]   AMD AuthenticAMD
[    0.000000]   Centaur CentaurHauls
[    0.000000] [Firmware Bug]: TSC doesn't count with P0 frequency!
[    0.000000] x86/fpu: x87 FPU will use FXSAVE
[    0.000000] e820: BIOS-provided physical RAM map:
[    0.000000] BIOS-e820: [mem 0x0000000000000000-0x000000000009fbff] usable
[    0.000000] BIOS-e820: [mem 0x000000000009fc00-0x000000000009ffff] reserved
[    0.000000] BIOS-e820: [mem 0x00000000000f0000-0x00000000000fffff] reserved
[    0.000000] BIOS-e820: [mem 0x0000000000100000-0x000000003ffeffff] usable
[    0.000000] BIOS-e820: [mem 0x000000003fff0000-0x000000003fffffff] ACPI data
[    0.000000] BIOS-e820: [mem 0x00000000fec00000-0x00000000fec00fff] reserved
[    0.000000] BIOS-e820: [mem 0x00000000fee00000-0x00000000fee00fff] reserved
[    0.000000] BIOS-e820: [mem 0x00000000fffc0000-0x00000000ffffffff] reserved
[    0.000000] NX (Execute Disable) protection: active
[    0.000000] SMBIOS 2.5 present.
[    0.000000] DMI: innotek GmbH VirtualBox/VirtualBox, BIOS VirtualBox 12/01/2006
[    0.000000] Hypervisor detected: KVM
[    0.000000] e820: last_pfn = 0x3fff0 max_arch_pfn = 0x400000000
[    0.000000] x86/PAT: Configuration [0-7]: WB  WC  UC- UC  WB  WP  UC- WT  
[    0.000000] CPU MTRRs all blank - virtualized system.
[    0.000000] found SMP MP-table at [mem 0x0009fbf0-0x0009fbff]
[    0.000000] Scanning 1 areas for low memory corruption
[    0.000000] RAMDISK: [mem 0x35819000-0x36c03fff]
[    0.000000] ACPI: Early table checksum verification disabled
[    0.000000] ACPI: RSDP 0x00000000000E0000 000024 (v02 VBOX  )
[    0.000000] ACPI: XSDT 0x000000003FFF0030 00003C (v01 VBOX   VBOXXSDT 00000001 ASL  00000061)
[    0.000000] ACPI: FACP 0x000000003FFF00F0 0000F4 (v04 VBOX   VBOXFACP 00000001 ASL  00000061)
[    0.000000] ACPI: DSDT 0x000000003FFF0610 002353 (v02 VBOX   VBOXBIOS 00000002 INTL 20100528)
[    0.000000] ACPI: FACS 0x000000003FFF0200 000040
[    0.000000] ACPI: FACS 0x000000003FFF0200 000040
[    0.000000] ACPI: APIC 0x000000003FFF0240 00005C (v02 VBOX   VBOXAPIC 00000001 ASL  00000061)
[    0.000000] ACPI: SSDT 0x000000003FFF02A0 00036C (v01 VBOX   VBOXCPUT 00000002 INTL 20100528)
[    0.000000] ACPI: Reserving FACP table memory at [mem 0x3fff00f0-0x3fff01e3]
[    0.000000] ACPI: Reserving DSDT table memory at [mem 0x3fff0610-0x3fff2962]
[    0.000000] ACPI: Reserving FACS table memory at [mem 0x3fff0200-0x3fff023f]
[    0.000000] ACPI: Reserving FACS table memory at [mem 0x3fff0200-0x3fff023f]
[    0.000000] ACPI: Reserving APIC table memory at [mem 0x3fff0240-0x3fff029b]
[    0.000000] ACPI: Reserving SSDT table memory at [mem 0x3fff02a0-0x3fff060b]
[    0.000000] No NUMA configuration found
[    0.000000] Faking a node at [mem 0x0000000000000000-0x000000003ffeffff]
[    0.000000] NODE_DATA(0) allocated [mem 0x3ffc5000-0x3ffeffff]
[    0.000000] kvm-clock: cpu 0, msr 0:3ff44001, primary cpu clock
[    0.000000] kvm-clock: Using msrs 4b564d01 and 4b564d00
[    0.000000] kvm-clock: using sched offset of 4429573642 cycles
[    0.000000] clocksource: kvm-clock: mask: 0xffffffffffffffff max_cycles: 0x1cd42e4dffb, max_idle_ns: 881590591483 ns
[    0.000000] Zone ranges:
[    0.000000]   DMA      [mem 0x0000000000001000-0x0000000000ffffff]
[    0.000000]   DMA32    [mem 0x0000000001000000-0x000000003ffeffff]
[    0.000000]   Normal   empty
[    0.000000]   Device   empty
[    0.000000] Movable zone start for each node
[    0.000000] Early memory node ranges
[    0.000000]   node   0: [mem 0x0000000000001000-0x000000000009efff]
[    0.000000]   node   0: [mem 0x0000000000100000-0x000000003ffeffff]
[    0.000000] Reserved but unavailable: 104 pages
[    0.000000] Initmem setup node 0 [mem 0x0000000000001000-0x000000003ffeffff]
[    0.000000] ACPI: PM-Timer IO Port: 0x4008
[    0.000000] IOAPIC[0]: apic_id 2, version 32, address 0xfec00000, GSI 0-23
[    0.000000] ACPI: INT_SRC_OVR (bus 0 bus_irq 0 global_irq 2 dfl dfl)
[    0.000000] ACPI: INT_SRC_OVR (bus 0 bus_irq 9 global_irq 9 low level)
[    0.000000] Using ACPI (MADT) for SMP configuration information
[    0.000000] smpboot: Allowing 2 CPUs, 0 hotplug CPUs
[    0.000000] PM: Registered nosave memory: [mem 0x00000000-0x00000fff]
[    0.000000] PM: Registered nosave memory: [mem 0x0009f000-0x0009ffff]
[    0.000000] PM: Registered nosave memory: [mem 0x000a0000-0x000effff]
[    0.000000] PM: Registered nosave memory: [mem 0x000f0000-0x000fffff]
[    0.000000] e820: [mem 0x40000000-0xfebfffff] available for PCI devices
[    0.000000] Booting paravirtualized kernel on KVM
[    0.000000] clocksource: refined-jiffies: mask: 0xffffffff max_cycles: 0xffffffff, max_idle_ns: 7645519600211568 ns
[    0.000000] setup_percpu: NR_CPUS:8192 nr_cpumask_bits:2 nr_cpu_ids:2 nr_node_ids:1
[    0.000000] percpu: Embedded 50 pages/cpu s167936 r8192 d28672 u1048576
[    0.000000] PV qspinlock hash table entries: 256 (order: 0, 4096 bytes)
[    0.000000] Built 1 zonelists, mobility grouping on.  Total pages: 257913
[    0.000000] Policy zone: DMA32
[    0.000000] Kernel command line: BOOT_IMAGE=/boot/vmlinuz-4.15.0-213-generic root=UUID=f685bb41-0e3b-40c4-89c1-eea0f0583525 ro console=tty1 console=ttyS0
[    0.000000] Memory: 981776K/1048120K available (12300K kernel code, 2477K rwdata, 4324K rodata, 2480K init, 2720K bss, 66344K reserved, 0K cma-reserved)
[    0.000000] SLUB: HWalign=64, Order=0-3, MinObjects=0, CPUs=2, Nodes=1
[    0.000000] ftrace: allocating 39508 entries in 155 pages
[    0.004000] Hierarchical RCU implementation.
[    0.004000] 	RCU restricting CPUs from NR_CPUS=8192 to nr_cpu_ids=2.
[    0.004000] 	Tasks RCU enabled.
[    0.004000] RCU: Adjusting geometry for rcu_fanout_leaf=16, nr_cpu_ids=2
[    0.004000] NR_IRQS: 524544, nr_irqs: 440, preallocated irqs: 16
[    0.004000] random: crng init done
[    0.004000] Console: colour VGA+ 80x25
[    0.004000] console [tty1] enabled
[    0.004000] console [ttyS0] enabled
[    0.004000] ACPI: Core revision 20170831
[    0.004000] ACPI: 2 ACPI AML tables successfully acquired and loaded
[    0.004000] APIC: Switch to symmetric I/O mode setup
[    0.004000] ..TIMER: vector=0x30 apic1=0 pin1=2 apic2=-1 pin2=-1
[    0.004008] tsc: Detected 3193.908 MHz processor
[    0.008014] Calibrating delay loop (skipped) preset value.. 6387.81 BogoMIPS (lpj=12775632)
[    0.012009] pid_max: default: 32768 minimum: 301
[    0.016128] Security Framework initialized
[    0.020006] Yama: becoming mindful.
[    0.024007] AppArmor: AppArmor initialized
[    0.033745] Dentry cache hash table entries: 131072 (order: 8, 1048576 bytes)
[    0.038272] Inode-cache hash table entries: 65536 (order: 7, 524288 bytes)
[    0.040148] Mount-cache hash table entries: 2048 (order: 2, 16384 bytes)
[    0.044113] Mountpoint-cache hash table entries: 2048 (order: 2, 16384 bytes)
[    0.052684] Last level iTLB entries: 4KB 512, 2MB 512, 4MB 256
[    0.056012] Last level dTLB entries: 4KB 2048, 2MB 2048, 4MB 1024, 1GB 0
[    0.060008] Spectre V1 : Mitigation: usercopy/swapgs barriers and __user pointer sanitization
[    0.064007] Spectre V2 : Mitigation: Retpolines
[    0.068007] Spectre V2 : Spectre v2 / SpectreRSB mitigation: Filling RSB on context switch
[    0.072007] Spectre V2 : Spectre v2 / SpectreRSB : Filling RSB on VMEXIT
[    0.076349] Freeing SMP alternatives memory: 36K
[    0.210815] APIC calibration not consistent with PM-Timer: 103ms instead of 100ms
[    0.212000] APIC delta adjusted to PM-Timer: 6446730 (6679311)
[    0.212608] smpboot: CPU0: AMD Ryzen 7 7735HS with Radeon Graphics (family: 0x19, model: 0x44, stepping: 0x1)
[    0.216620] Performance Events: PMU not available due to virtualization, using software events only.
[    0.220227] Hierarchical SRCU implementation.
[    0.225257] NMI watchdog: Perf event create on CPU 0 failed with -2
[    0.228005] NMI watchdog: Perf NMI watchdog permanently disabled
[    0.232782] smp: Bringing up secondary CPUs ...
[    0.240500] x86: Booting SMP configuration:
[    0.244081] .... node  #0, CPUs:      #1
[    0.004000] kvm-clock: cpu 1, msr 0:3ff44041, secondary cpu clock
[    0.262049] TSC synchronization [CPU#0 -> CPU#1]:
[    0.264000] Measured 87648 cycles TSC warp between CPUs, turning off TSC clock.
[    0.264000] tsc: Marking TSC unstable due to check_tsc_sync_source failed
[    0.268317] smp: Brought up 1 node, 2 CPUs
[    0.276023] smpboot: Max logical packages: 1
[    0.280009] smpboot: Total of 2 processors activated (12775.63 BogoMIPS)
[    0.289030] devtmpfs: initialized
[    0.296658] x86/mm: Memory block size: 128MB
[    0.304667] evm: security.selinux
[    0.312005] evm: security.SMACK64
[    0.316007] evm: security.SMACK64EXEC
[    0.324006] evm: security.SMACK64TRANSMUTE
[    0.328005] evm: security.SMACK64MMAP
[    0.336004] evm: security.apparmor
[    0.340005] evm: security.ima
[    0.344008] evm: security.capability
[    0.352628] clocksource: jiffies: mask: 0xffffffff max_cycles: 0xffffffff, max_idle_ns: 7645041785100000 ns
[    0.356018] futex hash table entries: 512 (order: 3, 32768 bytes)
[    0.364263] pinctrl core: initialized pinctrl subsystem
[    0.368659] RTC time: 18:28:21, date: 01/14/25
[    0.376533] NET: Registered protocol family 16
[    0.380274] audit: initializing netlink subsys (disabled)
[    0.384264] audit: type=2000 audit(1736879307.050:1): state=initialized audit_enabled=0 res=1
[    0.396161] cpuidle: using governor ladder
[    0.404375] cpuidle: using governor menu
[    0.413458] ACPI: bus type PCI registered
[    0.416007] acpiphp: ACPI Hot Plug PCI Controller Driver version: 0.5
[    0.424350] PCI: Using configuration type 1 for base access
[    0.428006] PCI: Using configuration type 1 for extended access
[    0.440646] HugeTLB registered 2.00 MiB page size, pre-allocated 0 pages
[    0.452167] ACPI: Added _OSI(Module Device)
[    0.456008] ACPI: Added _OSI(Processor Device)
[    0.464006] ACPI: Added _OSI(3.0 _SCP Extensions)
[    0.468010] ACPI: Added _OSI(Processor Aggregator Device)
[    0.480009] ACPI: Added _OSI(Linux-Dell-Video)
[    0.484179] ACPI: Added _OSI(Linux-Lenovo-NV-HDMI-Audio)
[    0.492011] ACPI: Added _OSI(Linux-HPI-Hybrid-Graphics)
[    0.501341] ACPI: Executed 1 blocks of module-level executable AML code
[    0.520603] ACPI: Interpreter enabled
[    0.524034] ACPI: (supports S0 S5)
[    0.528007] ACPI: Using IOAPIC for interrupt routing
[    0.536345] PCI: Using host bridge windows from ACPI; if necessary, use "pci=nocrs" and report a bug
[    0.548270] ACPI: Enabled 2 GPEs in block 00 to 07
[    0.568524] ACPI: PCI Root Bridge [PCI0] (domain 0000 [bus 00-ff])
[    0.576019] acpi PNP0A03:00: _OSC: OS supports [ExtendedConfig ASPM ClockPM Segments MSI]
[    0.589209] acpi PNP0A03:00: _OSC: platform does not support [PCIeCapability]
[    0.596989] acpi PNP0A03:00: _OSC: not requesting control; platform does not support [PCIeCapability]
[    0.608011] acpi PNP0A03:00: _OSC: OS requested [PCIeHotplug PME AER PCIeCapability]
[    0.616011] acpi PNP0A03:00: _OSC: platform willing to grant [PCIeHotplug PME AER]
[    0.624011] acpi PNP0A03:00: _OSC failed (AE_SUPPORT); disabling ASPM
[    0.633035] PCI host bridge to bus 0000:00
[    0.636015] pci_bus 0000:00: root bus resource [io  0x0000-0x0cf7 window]
[    0.644010] pci_bus 0000:00: root bus resource [io  0x0d00-0xffff window]
[    0.652013] pci_bus 0000:00: root bus resource [mem 0x000a0000-0x000bffff window]
[    0.660010] pci_bus 0000:00: root bus resource [mem 0x40000000-0xfdffffff window]
[    0.672014] pci_bus 0000:00: root bus resource [bus 00-ff]
[    0.687355] pci 0000:00:01.1: legacy IDE quirk: reg 0x10: [io  0x01f0-0x01f7]
[    0.692012] pci 0000:00:01.1: legacy IDE quirk: reg 0x14: [io  0x03f6]
[    0.700009] pci 0000:00:01.1: legacy IDE quirk: reg 0x18: [io  0x0170-0x0177]
[    0.712013] pci 0000:00:01.1: legacy IDE quirk: reg 0x1c: [io  0x0376]
[    0.748148] pci 0000:00:07.0: quirk: [io  0x4000-0x403f] claimed by PIIX4 ACPI
[    0.756044] pci 0000:00:07.0: quirk: [io  0x4100-0x410f] claimed by PIIX4 SMB
[    0.776641] ACPI: PCI Interrupt Link [LNKA] (IRQs 5 9 10 *11)
[    0.784759] ACPI: PCI Interrupt Link [LNKB] (IRQs 5 9 *10 11)
[    0.792340] ACPI: PCI Interrupt Link [LNKC] (IRQs 5 *9 10 11)
[    0.800258] ACPI: PCI Interrupt Link [LNKD] (IRQs 5 9 10 *11)
[    0.804898] SCSI subsystem initialized
[    0.812349] pci 0000:00:02.0: vgaarb: setting as boot VGA device
[    0.816000] pci 0000:00:02.0: vgaarb: VGA device added: decodes=io+mem,owns=io+mem,locks=none
[    0.828013] pci 0000:00:02.0: vgaarb: bridge control possible
[    0.832007] vgaarb: loaded
[    0.836094] ACPI: bus type USB registered
[    0.844115] usbcore: registered new interface driver usbfs
[    0.848032] usbcore: registered new interface driver hub
[    0.852117] usbcore: registered new device driver usb
[    0.860233] EDAC MC: Ver: 3.0.0
[    0.868335] PCI: Using ACPI for IRQ routing
[    0.872899] NetLabel: Initializing
[    0.876005] NetLabel:  domain hash size = 128
[    0.884003] NetLabel:  protocols = UNLABELED CIPSOv4 CALIPSO
[    0.892337] NetLabel:  unlabeled traffic allowed by default
[    0.900637] clocksource: Switched to clocksource kvm-clock
[    0.929564] VFS: Disk quotas dquot_6.6.0
[    0.929564] VFS: Dquot-cache hash table entries: 512 (order 0, 4096 bytes)
[    0.929564] AppArmor: AppArmor Filesystem Enabled
[    0.929564] pnp: PnP ACPI init
[    0.929564] pnp: PnP ACPI: found 3 devices
[    1.058112] clocksource: acpi_pm: mask: 0xffffff max_cycles: 0xffffff, max_idle_ns: 2085701024 ns
[    1.061061] NET: Registered protocol family 2
[    1.061061] IP idents hash table entries: 16384 (order: 5, 131072 bytes)
[    1.079287] TCP established hash table entries: 8192 (order: 4, 65536 bytes)
[    1.089500] TCP bind hash table entries: 8192 (order: 5, 131072 bytes)
[    1.092926] TCP: Hash tables configured (established 8192 bind 8192)
[    1.092926] UDP hash table entries: 512 (order: 2, 16384 bytes)
[    1.092926] UDP-Lite hash table entries: 512 (order: 2, 16384 bytes)
[    1.092926] NET: Registered protocol family 1
[    1.092926] pci 0000:00:00.0: Limiting direct PCI/PCI transfers
[    1.092926] pci 0000:00:01.0: Activating ISA DMA hang workarounds
[    1.092926] pci 0000:00:02.0: Video device with shadowed ROM at [mem 0x000c0000-0x000dffff]
[    1.092926] Unpacking initramfs...
[    1.950402] Freeing initrd memory: 20396K
[    1.954925] clocksource: tsc: mask: 0xffffffffffffffff max_cycles: 0x2e09cf6d284, max_idle_ns: 440795338034 ns
[    1.965492] platform rtc_cmos: registered platform RTC device (no PNP device found)
[    1.973486] Scanning for low memory corruption every 60 seconds
[    1.984555] Initialise system trusted keyrings
[    1.989078] Key type blacklist registered
[    1.994919] workingset: timestamp_bits=36 max_order=18 bucket_order=0
[    2.005761] zbud: loaded
[    2.010352] squashfs: version 4.0 (2009/01/31) Phillip Lougher
[    2.018624] fuse init (API version 7.26)
[    2.074174] Key type asymmetric registered
[    2.079197] Asymmetric key parser 'x509' registered
[    2.084788] Block layer SCSI generic (bsg) driver version 0.4 loaded (major 246)
[    2.094420] io scheduler noop registered
[    2.099499] io scheduler deadline registered
[    2.105566] io scheduler cfq registered (default)
[    2.112586] ACPI: AC Adapter [AC] (on-line)
[    2.117544] input: Power Button as /devices/LNXSYSTM:00/LNXPWRBN:00/input/input0
[    2.126999] ACPI: Power Button [PWRF]
[    2.133610] input: Sleep Button as /devices/LNXSYSTM:00/LNXSLPBN:00/input/input1
[    2.141142] ACPI: Sleep Button [SLPF]
[    2.148699] Serial: 8250/16550 driver, 32 ports, IRQ sharing enabled
[    2.151051] ACPI: Battery Slot [BAT0] (battery present)
[    2.199281] 00:02: ttyS0 at I/O 0x3f8 (irq = 4, base_baud = 115200) is a 16550A
[    2.234227] Linux agpgart interface v0.103
[    2.248047] loop: module loaded
[    2.255507] scsi host0: ata_piix
[    2.259422] scsi host1: ata_piix
[    2.264188] ata1: PATA max UDMA/33 cmd 0x1f0 ctl 0x3f6 bmdma 0xd000 irq 14
[    2.271413] ata2: PATA max UDMA/33 cmd 0x170 ctl 0x376 bmdma 0xd008 irq 15
[    2.278608] tun: Universal TUN/TAP device driver, 1.6
[    2.286840] PPP generic driver version 2.4.2
[    2.292290] ehci_hcd: USB 2.0 'Enhanced' Host Controller (EHCI) Driver
[    2.299212] ehci-pci: EHCI PCI platform driver
[    2.305175] ehci-platform: EHCI generic platform driver
[    2.311043] ohci_hcd: USB 1.1 'Open' Host Controller (OHCI) Driver
[    2.318503] ohci-pci: OHCI PCI platform driver
[    2.323285] ohci-platform: OHCI generic platform driver
[    2.330251] uhci_hcd: USB Universal Host Controller Interface driver
[    2.338162] i8042: PNP: PS/2 Controller [PNP0303:PS2K,PNP0f03:PS2M] at 0x60,0x64 irq 1,12
[    2.349763] serio: i8042 KBD port at 0x60,0x64 irq 1
[    2.357147] serio: i8042 AUX port at 0x60,0x64 irq 12
[    2.364630] mousedev: PS/2 mouse device common for all mice
[    2.375521] rtc_cmos rtc_cmos: rtc core: registered rtc_cmos as rtc0
[    2.383660] rtc_cmos rtc_cmos: alarms up to one day, 114 bytes nvram
[    2.390895] input: AT Translated Set 2 keyboard as /devices/platform/i8042/serio0/input/input2
[    2.391157] i2c /dev entries driver
[    2.405364] device-mapper: uevent: version 1.0.3
[    2.411422] device-mapper: ioctl: 4.37.0-ioctl (2017-09-20) initialised: dm-devel@redhat.com
[    2.423860] ledtrig-cpu: registered to indicate activity on CPUs
[    2.476760] NET: Registered protocol family 10
[    2.493913] Segment Routing with IPv6
[    2.499508] NET: Registered protocol family 17
[    2.507929] Key type dns_resolver registered
[    2.518165] mce: Using 0 MCE banks
[    2.522370] RAS: Correctable Errors collector initialized.
[    2.528222] sched_clock: Marking stable (2528008672, 0)->(3441712930, -913704258)
[    2.542583] registered taskstats version 1
[    2.547019] Loading compiled-in X.509 certificates
[    2.561485] Loaded X.509 cert 'Build time autogenerated kernel key: cdc7189136aaa35407544516090e2034d9c28e14'
[    2.572049] Loaded X.509 cert 'Canonical Ltd. Live Patch Signing: 14df34d1a87cf37625abec039ef2bf521249b969'
[    2.585170] Loaded X.509 cert 'Canonical Ltd. Kernel Module Signing: 88f752e560a1e0737e31163a466ad7b70a850c19'
[    2.594909] blacklist: Loading compiled-in revocation X.509 certificates
[    2.604040] Loaded X.509 cert 'Canonical Ltd. Secure Boot Signing: 61482aa2830d0ab2ad5af10b7250da9033ddcef0'
[    2.618609] Loaded X.509 cert 'Canonical Ltd. Secure Boot Signing (2017): 242ade75ac4a15e50d50c84b0d45ff3eae707a03'
[    2.633365] Loaded X.509 cert 'Canonical Ltd. Secure Boot Signing (ESM 2018): 365188c1d374d6b07c3c8f240f8ef722433d6a8b'
[    2.644688] Loaded X.509 cert 'Canonical Ltd. Secure Boot Signing (2019): c0746fd6c5da3ae827864651ad66ae47fe24b3e8'
[    2.655247] Loaded X.509 cert 'Canonical Ltd. Secure Boot Signing (2021 v1): a8d54bbb3825cfb94fa13c9f8a594a195c107b8d'
[    2.666991] Loaded X.509 cert 'Canonical Ltd. Secure Boot Signing (2021 v2): 4cf046892d6fd3c9a5b03f98d845f90851dc6a8c'
[    2.676859] Loaded X.509 cert 'Canonical Ltd. Secure Boot Signing (2021 v3): 100437bb6de6e469b581e61cd66bce3ef4ed53af'
[    2.689603] Loaded X.509 cert 'Canonical Ltd. Secure Boot Signing (Ubuntu Core 2019): c1d57b8f6b743f23ee41f4f7ee292f06eecadfb9'
[    2.701007] zswap: loaded using pool lzo/zbud
[    2.720973] Key type big_key registered
[    2.724645] Key type trusted registered
[    2.735732] Key type encrypted registered
[    2.741368] AppArmor: AppArmor sha1 policy hashing enabled
[    2.746836] ima: No TPM chip found, activating TPM-bypass! (rc=-19)
[    2.753915] ima: Allocated hash algorithm: sha1
[    2.759146] evm: HMAC attrs: 0x1
[    2.764561]   Magic number: 9:855:493
[    2.769647] rtc_cmos rtc_cmos: setting system clock to 2025-01-14 18:28:24 UTC (1736879304)
[    2.779830] BIOS EDD facility v0.16 2004-Jun-25, 0 devices found
[    2.786912] EDD information not available.
[    2.798093] Freeing unused kernel image memory: 2480K
[    2.821381] Write protecting the kernel read-only data: 20480k
[    2.831014] Freeing unused kernel image memory: 2008K
[    2.838300] Freeing unused kernel image memory: 1820K
[    2.854418] x86/mm: Checked W+X mappings: passed, no W+X pages found.
Loading, please wait...
starting version 237
[    3.000847] e1000: Intel(R) PRO/1000 Network Driver - version 7.3.21-k8-NAPI
[    3.011103] e1000: Copyright (c) 1999-2006 Intel Corporation.
[    3.020943] Fusion MPT base driver 3.04.20
[    3.025964] Copyright (c) 1999-2008 LSI Corporation
[    3.105697] Fusion MPT SPI Host driver 3.04.20
[    3.123855] SSE version of gcm_enc/dec engaged.
[    3.133554] mptbase: ioc0: Initiating bringup
[    3.259328] ioc0: LSI53C1030 A0: Capabilities={Initiator}
[    3.346622] input: ImExPS/2 Generic Explorer Mouse as /devices/platform/i8042/serio1/input/input4
[    4.245594] scsi host2: ioc0: LSI53C1030 A0, FwRev=00000000h, Ports=1, MaxQ=256, IRQ=20
[    4.423379] scsi 2:0:0:0: Direct-Access     VBOX     HARDDISK         1.0  PQ: 0 ANSI: 5
[    4.464370] scsi target2:0:0: Beginning Domain Validation
[    4.485618] scsi target2:0:0: Domain Validation skipping write tests
[    4.492923] scsi target2:0:0: Ending Domain Validation
[    4.498124] scsi target2:0:0: asynchronous
[    4.509579] scsi 2:0:1:0: Direct-Access     VBOX     HARDDISK         1.0  PQ: 0 ANSI: 5
[    4.805303] scsi target2:0:1: Beginning Domain Validation
[    4.838740] scsi target2:0:1: Domain Validation skipping write tests
[    4.848536] scsi target2:0:1: Ending Domain Validation
[    4.855044] scsi target2:0:1: asynchronous
[    4.899028] sd 2:0:0:0: Attached scsi generic sg0 type 0
[    4.907644] sd 2:0:1:0: Attached scsi generic sg1 type 0
[    4.910581] sd 2:0:0:0: [sda] 83886080 512-byte logical blocks: (42.9 GB/40.0 GiB)
[    4.927541] sd 2:0:1:0: [sdb] 20480 512-byte logical blocks: (10.5 MB/10.0 MiB)
[    4.937842] sd 2:0:0:0: [sda] Write Protect is off
[    4.946197] sd 2:0:1:0: [sdb] Write Protect is off
[    4.955625] sd 2:0:0:0: [sda] Incomplete mode parameter data
[    4.965118] sd 2:0:0:0: [sda] Assuming drive cache: write through
[    4.976842] sd 2:0:1:0: [sdb] Incomplete mode parameter data
[    4.985585] sd 2:0:1:0: [sdb] Assuming drive cache: write through
[    5.002966]  sda: sda1
[    5.013786] sd 2:0:0:0: [sda] Attached SCSI disk
[    5.027907] sd 2:0:1:0: [sdb] Attached SCSI disk
[    5.421642] e1000 0000:00:03.0 eth0: (PCI:33MHz:32-bit) 02:3b:7b:b7:3b:2d
[    5.429087] e1000 0000:00:03.0 eth0: Intel(R) PRO/1000 Network Connection
[    6.209610] e1000 0000:00:08.0 eth1: (PCI:33MHz:32-bit) 08:00:27:5e:66:b4
[    6.219857] e1000 0000:00:08.0 eth1: Intel(R) PRO/1000 Network Connection
[    6.230026] e1000 0000:00:08.0 enp0s8: renamed from eth1
[    6.254529] e1000 0000:00:03.0 enp0s3: renamed from eth0
[   79.861119] INFO: rcu_sched self-detected stall on CPU
[   79.864453] INFO: rcu_sched detected stalls on CPUs/tasks:
[   79.868222] 	1-...0: (2 ticks this GP) idle=366/140000000000001/0 softirq=1186/1189 fqs=2 
[   79.884480] 	 (t=18400 jiffies g=-121 c=-122 q=43)
[   79.884519] 	1-...0: (2 ticks this GP) idle=366/140000000000001/0 softirq=1186/1189 fqs=2 
[   79.897593] 	(detected by 0, t=18400 jiffies, g=-121, c=-122, q=43)
[   79.897702] NMI backtrace for cpu 1
[   79.911066] CPU: 1 PID: 162 Comm: systemd-udevd Not tainted 4.15.0-213-generic #224-Ubuntu
[   79.918910] Hardware name: innotek GmbH VirtualBox/VirtualBox, BIOS VirtualBox 12/01/2006
[   79.928648] Call Trace:
[   79.932668]  <IRQ>
[   79.935671]  dump_stack+0x6d/0x8b
[   79.938621]  nmi_cpu_backtrace+0x94/0xa0
[   79.943052]  ? lapic_can_unplug_cpu+0xb0/0xb0
[   79.947474]  nmi_trigger_cpumask_backtrace+0xe7/0x130
[   79.952486]  arch_trigger_cpumask_backtrace+0x19/0x20
[   79.958365]  rcu_dump_cpu_stacks+0xa3/0xd5
[   79.962649]  rcu_check_callbacks+0x6cd/0x8e0
[   79.966429]  ? tick_sched_do_timer+0x50/0x50
[   79.971292]  update_process_times+0x2f/0x60
[   79.976249]  tick_sched_handle+0x26/0x70
[   79.980848]  ? tick_sched_do_timer+0x42/0x50
[   79.986134]  tick_sched_timer+0x39/0x80
[   79.990459]  __hrtimer_run_queues+0xdf/0x230
[   79.994994]  hrtimer_interrupt+0x97/0x180
[   79.998977]  smp_apic_timer_interrupt+0x6f/0x140
[   80.003630]  apic_timer_interrupt+0x90/0xa0
[   80.008621]  </IRQ>
[   80.012200] RIP: 0010:SyS_read+0x5/0xe0
[   80.017145] RSP: 0018:ffffa2d6c049ff30 EFLAGS: 00010246 ORIG_RAX: ffffffffffffff11
[   80.027250] RAX: ffffffff9a085880 RBX: ffffa2d6c049ff58 RCX: 000055f73c2b1010
[   80.038210] RDX: 0000000000001000 RSI: 000055f73c2e1cf0 RDI: 0000000000000005
[   80.048143] RBP: ffffa2d6c049ff48 R08: 0000000000000000 R09: 0000000000000000
[   80.057519] R10: 0000000000000000 R11: 0000000000000000 R12: 0000000000000000
[   80.064395] R13: 0000000000000000 R14: 0000000000000000 R15: 0000000000000000
[   80.071347]  ? kernel_write+0x50/0x50
[   80.074672]  ? do_syscall_64+0x73/0x130
[   80.077941]  entry_SYSCALL_64_after_hwframe+0x59/0xbe
[   80.083750] RIP: 0033:0x7fbd2d257031
[   80.088134] RSP: 002b:00007ffc83b8e0c8 EFLAGS: 00000246 ORIG_RAX: 0000000000000000
[   80.098418] RAX: ffffffffffffffda RBX: 000055f73c2d7e20 RCX: 00007fbd2d257031
[   80.110185] RDX: 0000000000001000 RSI: 000055f73c2e1cf0 RDI: 0000000000000005
[   80.123041] RBP: 00007fbd2d52f2a0 R08: 0000000000000000 R09: 0000000000000000
[   80.130758] R10: 000055f73c2b1010 R11: 0000000000000246 R12: 000055f73c2e1cf0
[   80.138042] R13: 0000000000001001 R14: 0000000000000d68 R15: 0000000000001001
[   80.146121] Sending NMI from CPU 0 to CPUs 1:
Begin: Loading essential drivers ... [   92.298605] raid6: sse2x1   gen()  4512 MB/s
[   92.370322] raid6: sse2x1   xor()  7302 MB/s
[   92.431574] raid6: sse2x2   gen()  9358 MB/s
[   92.492422] raid6: sse2x2   xor()  9124 MB/s
[   92.544557] raid6: sse2x4   gen()  8499 MB/s
[   93.567129] raid6: sse2x4   xor() 134162 MB/s
[   93.571667] raid6: using algorithm sse2x2 gen() 9358 MB/s
[   93.577001] raid6: .... xor() 9124 MB/s, rmw enabled
[   93.582573] raid6: using ssse3x2 recovery algorithm
[   93.593569] xor: measuring software checksum speed
[   93.636617]    prefetch64-sse:  9138.000 MB/sec
[   93.680332]    generic_sse:  7305.000 MB/sec
[   93.687326] xor: using function: prefetch64-sse (9138.000 MB/sec)
[   93.701964] async_tx: api initialized (async)
done.
Begin: Running /scripts/init-premount ... done.
Begin: Mounting root file system ... Begin: Running /scripts/local-top ... done.
Begin: Running /scripts/local-premount ... [   93.824855] Btrfs loaded, crc32c=crc32c-intel
Scanning for Btrfs filesystems
done.
Begin: Will now check root file system ... fsck from util-linux 2.31.1
[/sbin/fsck.ext4 (1) -- /dev/sda1] fsck.ext4 -a -C0 /dev/sda1 
cloudimg-rootfs: clean, 99373/5120000 files, 748665/10485499 blocks
done.
[   93.952565] EXT4-fs (sda1): mounted filesystem with ordered data mode. Opts: (null)
done.
Begin: Running /scripts/local-bottom ... done.
Begin: Running /scripts/init-bottom ... done.
[   94.378326] ip_tables: (C) 2000-2006 Netfilter Core Team
[   94.424919] systemd[1]: systemd 237 running in system mode. (+PAM +AUDIT +SELINUX +IMA +APPARMOR +SMACK +SYSVINIT +UTMP +LIBCRYPTSETUP +GCRYPT +GNUTLS +ACL +XZ +LZ4 +SECCOMP +BLKID +ELFUTILS +KMOD -IDN2 +IDN -PCRE2 default-hierarchy=hybrid)
[   94.457063] systemd[1]: Detected virtualization oracle.
[   94.464061] systemd[1]: Detected architecture x86-64.

Welcome to [1mUbuntu 18.04.6 LTS[0m!

[   94.527305] systemd[1]: Set hostname to <ubuntu-bionic>.
[   95.067437] systemd[1]: Created slice User and Session Slice.
[[0;32m  OK  [0m] Created slice User and Session Slice.
[   95.081452] systemd[1]: Reached target System Time Synchronized.
[[0;32m  OK  [0m] Reached target System Time Synchronized.
[   95.093337] systemd[1]: Reached target User and Group Name Lookups.
[[0;32m  OK  [0m] Reached target User and Group Name Lookups.
[   95.110944] systemd[1]: Created slice System Slice.
[[0;32m  OK  [0m] Created slice System Slice.
[   95.121307] systemd[1]: Listening on Journal Socket (/dev/log).
[[0;32m  OK  [0m] Listening on Journal Socket (/dev/log).
[   95.138335] systemd[1]: Created slice system-serial\x2dgetty.slice.
[[0;32m  OK  [0m] Created slice system-serial\x2dgetty.slice.
[[0;32m  OK  [0m] Listening on LVM2 poll daemon socket.
[[0;32m  OK  [0m] Reached target Slices.
[[0;32m  OK  [0m] Listening on Journal Socket.
         Starting Set the console keyboard layout...
         Mounting Huge Pages File System...
[[0;32m  OK  [0m] Listening on Syslog Socket.
[[0;32m  OK  [0m] Listening on fsck to fsckd communication Socket.
[[0;32m  OK  [0m] Listening on Journal Audit Socket.
         Starting Journal Service...
[[0;32m  OK  [0m] Set up automount Arbitrary Executab…rmats File System Automount Point.
         Starting Uncomplicated firewall...
[[0;32m  OK  [0m] Reached target Swap.
         Starting Create list of required st…ce nodes for the current kernel...
[[0;32m  OK  [0m] Listening on /dev/initctl Compatibility Named Pipe.
[[0;32m  OK  [0m] Reached target Mounting snaps.
[[0;32m  OK  [0m] Reached target Mounted snaps.
[[0;32m  OK  [0m] Listening on Device-mapper event daemon FIFOs.
         Mounting POSIX Message Queue File System...
[[0;32m  OK  [0m] Listening on udev Control Socket.
         Starting Load Kernel Modules...
[[0;32m  OK  [0m] Started Forward Password Requests to Wall Directory Watch.
[[0;32m  OK  [0m] Listening on Network Service Netlink Socket.
[[0;32m  OK  [0m] Listening on udev Kernel Socket.
         Starting udev Coldplug all Devices...
[[0;32m  OK  [0m] Listening on LVM2 metadata daemon socket.
         [   95.369238] Loading iSCSI transport class v2.0-870.
Starting Monitoring of LVM2 mirrors…ng dmeventd or progress polling...
         Mounting Kernel Debug File System...
         Starting Remount Root and Kernel File Systems...
[[0;32m  OK  [0m] Started Journal Service.
[[0;32m  OK  [0m] Mounted Huge Pages File System.
[[0;32m  OK  [0m] Started Uncomplicated firewall.
[[0;32m  OK  [0m] Started Create list of required sta…vice nodes for the current kernel.
[[0;32m  OK  [0m] Mounted POSIX Message Queue File System.
[[0;32m  OK  [0m] Mounted Kernel Debug File System.
         Starting Create Static Device Nodes in /dev...
[   95.505182] iscsi: registered transport (tcp)
[[0;32m  OK  [0m] Started udev Coldplug all Devices.
[   95.549045] EXT4-fs (sda1): re-mounted. Opts: (null)
[[0;32m  OK  [0m] Started Create Static Device Nodes in /dev.
[[0;32m  OK  [0m] Started Remount Root and Kernel File Systems.
[[0;32m  OK  [0m] Started LVM2 metadata daemon.
         Starting Load/Save Random Seed...
         Starting Flush Journal to Persistent Storage...
         Starting udev Kernel Device Manager...
[[0;32m  OK  [0m] Started Set the console keyboard layout.
[   95.647596] systemd-journald[424]: Received request to flush runtime journal from PID 1
[[0;32m  OK  [0m] Started udev Kernel Device Manager.
[[0;32m  OK  [0m] Started Dispatch Password Requests to Console Directory Watch.
[[0;32m  OK  [0m] Reached target Local Encrypted Volumes.
[[0;32m  OK  [0m] Started Monitoring of LVM2 mirrors,…sing dmeventd or progress polling.
[[0;32m  OK  [0m] Started Load/Save Random Seed.
[[0;32m  OK  [0m] Reached target Local File Systems (Pre).
[[0;32m  OK  [0m] Reached target Local File Systems.
         Starting Tell Plymouth To Write Out Runtime Data...
         Starting ebtables ruleset management...
         Starting AppArmor initialization...
         Starting Set console font and keymap...
[[0;32m  OK  [0m] Started Flush Journal to Persistent Storage.
         Starting Create Volatile Files and Directories...
[[0;32m  OK  [0m] Started Tell Plymouth To Write Out Runtime Data.
[   95.916110] iscsi: registered transport (iser)
[[0;32m  OK  [0m] Started Set console font and keymap.
[[0;32m  OK  [0m] Started Load Kernel Modules.
         Starting Apply Kernel Variables...
         Mounting FUSE Control File System...
         Mounting Kernel Configuration File System...
[[0;32m  OK  [0m] Mounted FUSE Control File System.
[[0;32m  OK  [0m] Mounted Kernel Configuration File System.
[[0;32m  OK  [0m] Started Create Volatile Files and Directories.
         Starting Update UTMP about System Boot/Shutdown...
[[0;32m  OK  [0m] Started Update UTMP about System Boot/Shutdown.
[[0;32m  OK  [0m] Started ebtables ruleset management.
[[0;32m  OK  [0m] Started Apply Kernel Variables.
[[0;32m  OK  [0m] Started AppArmor initialization.
[[0;32m  OK  [0m] Found device /dev/ttyS0.
         Starting Initial cloud-init job (pre-networking)...
         Starting Load AppArmor profiles managed internally by snapd...
[[0;32m  OK  [0m] Listening on Load/Save RF Kill Switch Status /dev/rfkill Watch.
         Mounting Arbitrary Executable File Formats File System...
[[0;32m  OK  [0m] Mounted Arbitrary Executable File Formats File System.
[[0;32m  OK  [0m] Started Load AppArmor profiles managed internally by snapd.
[   99.171076] cloud-init[550]: Cloud-init v. 23.1.2-0ubuntu0~18.04.1 running 'init-local' at Tue, 14 Jan 2025 18:30:00 +0000. Up 98.82 seconds.
[[0;32m  OK  [0m] Started Initial cloud-init job (pre-networking).
[[0;32m  OK  [0m] Reached target Network (Pre).
         Starting Network Service...
[[0;32m  OK  [0m] Started Network Service.
         Starting Network Name Resolution...
         Starting Wait for Network to be Configured...
[[0;32m  OK  [0m] Started Network Name Resolution.
[[0;32m  OK  [0m] Reached target Host and Network Name Lookups.
[[0;32m  OK  [0m] Reached target Network.
[[0;32m  OK  [0m] Started Wait for Network to be Configured.
         Starting Initial cloud-init job (metadata service crawler)...
[  101.577331] cloud-init[684]: Cloud-init v. 23.1.2-0ubuntu0~18.04.1 running 'init' at Tue, 14 Jan 2025 18:30:03 +0000. Up 101.30 seconds.
[  101.585520] cloud-init[684]: ci-info: ++++++++++++++++++++++++++++++++++++++Net device info+++++++++++++++++++++++++++++++++++++++
[  101.591574] cloud-init[684]: ci-info: +--------+-------+----------------------------+---------------+--------+-------------------+
[  101.598835] cloud-init[684]: ci-info: | Device |   Up  |          Address           |      Mask     | Scope  |     Hw-Address    |
[  101.606535] cloud-init[684]: ci-info: +--------+-------+----------------------------+---------------+--------+-------------------+
[  101.614283] cloud-init[684]: ci-info: | enp0s3 |  True |         10.0.2.15          | 255.255.255.0 | global | 02:3b:7b:b7:3b:2d |
[  101.621421] cloud-init[684]: ci-info: | enp0s3 |  True | fd00::3b:7bff:feb7:3b2d/64 |       .       | global | 02:3b:7b:b7:3b:2d |
[  101.628949] cloud-init[684]: ci-info: | enp0s3 |  True | fe80::3b:7bff:feb7:3b2d/64 |       .       |  link  | 02:3b:7b:b7:3b:2d |
[  101.635997] cloud-init[684]: ci-info: | enp0s8 | False |             .              |       .       |   .    | 08:00:27:5e:66:b4 |
[  101.642024] cloud-init[684]: ci-info: |   lo   |  True |         127.0.0.1          |   255.0.0.0   |  host  |         .         |
[  101.649154] cloud-init[684]: ci-info: |   lo   |  True |          ::1/128           |       .       |  host  |         .         |
[  101.656098] cloud-init[684]: ci-info: +--------+-------+----------------------------+---------------+--------+-------------------+
[  101.662701] cloud-init[684]: ci-info: ++++++++++++++++++++++++++++Route IPv4 info+++++++++++++++++++++++++++++
[  101.669577] cloud-init[684]: ci-info: +-------+-------------+----------+-----------------+-----------+-------+
[  101.675557] cloud-init[684]: ci-info: | Route | Destination | Gateway  |     Genmask     | Interface | Flags |
[  101.680349] cloud-init[684]: ci-info: +-------+-------------+----------+-----------------+-----------+-------+
[  101.683692] cloud-init[684]: ci-info: |   0   |   0.0.0.0   | 10.0.2.2 |     0.0.0.0     |   enp0s3  |   UG  |
[  101.690296] cloud-init[684]: ci-info: |   1   |   10.0.2.0  | 0.0.0.0  |  255.255.255.0  |   enp0s3  |   U   |
[  101.697222] cloud-init[684]: ci-info: |   2   |   10.0.2.2  | 0.0.0.0  | 255.255.255.255 |   enp0s3  |   UH  |
[  101.703459] cloud-init[684]: ci-info: +-------+-------------+----------+-----------------+-----------+-------+
[  101.708771] cloud-init[684]: ci-info: +++++++++++++++++++Route IPv6 info+++++++++++++++++++
[  101.712968] cloud-init[684]: ci-info: +-------+-------------+---------+-----------+-------+
[  101.717471] cloud-init[684]: ci-info: | Route | Destination | Gateway | Interface | Flags |
[  101.722770] cloud-init[684]: ci-info: +-------+-------------+---------+-----------+-------+
[  101.727205] cloud-init[684]: ci-info: |   1   |  fd00::/64  |    ::   |   enp0s3  |   U   |
[  101.732760] cloud-init[684]: ci-info: |   2   |  fe80::/64  |    ::   |   enp0s3  |   U   |
[  101.737757] cloud-init[684]: ci-info: |   3   |     ::/0    | fe80::2 |   enp0s3  |   UG  |
[  101.742853] cloud-init[684]: ci-info: |   5   |    local    |    ::   |   enp0s3  |   U   |
[  101.747820] cloud-init[684]: ci-info: |   6   |   ff00::/8  |    ::   |   enp0s3  |   U   |
[  101.753309] cloud-init[684]: ci-info: +-------+-------------+---------+-----------+-------+
[[0;32m  OK  [0m] Started Initial cloud-init job (metadata service crawler).
[[0;32m  OK  [0m] Reached target Network is Online.
         Starting Availability of block devices...
[[0;32m  OK  [0m] Reached target Remote File Systems (Pre).
[[0;32m  OK  [0m] Reached target Remote File Systems.
[[0;32m  OK  [0m] Reached target System Initialization.
[[0;32m  OK  [0m] Listening on UUID daemon activation socket.
[[0;32m  OK  [0m] Listening on ACPID Listen Socket.
         Starting LXD - unix socket.
[[0;32m  OK  [0m] Listening on D-Bus System Message Bus Socket.
[[0;32m  OK  [0m] Started Ubuntu Advantage Timer for running repeated jobs.
[[0;32m  OK  [0m] Started Discard unused blocks once a week.
[[0;32m  OK  [0m] Listening on cloud-init hotplug hook socket.
[[0;32m  OK  [0m] Started Daily apt download activities.
[[0;32m  OK  [0m] Started Message of the Day.
[[0;32m  OK  [0m] Started ACPI Events Check.
[[0;32m  OK  [0m] Reached target Paths.
[[0;32m  OK  [0m] Listening on Open-iSCSI iscsid Socket.
[[0;32m  OK  [0m] Started Daily apt upgrade and clean activities.
         Starting Socket activation for snappy daemon.
[[0;32m  OK  [0m] Started Daily Cleanup of Temporary Directories.
[[0;32m  OK  [0m] Reached target Timers.
[[0;32m  OK  [0m] Reached target Cloud-config availability.
[[0;32m  OK  [0m] Started Availability of block devices.
[[0;32m  OK  [0m] Listening on LXD - unix socket.
[[0;32m  OK  [0m] Listening on Socket activation for snappy daemon.
[[0;32m  OK  [0m] Reached target Sockets.
[[0;32m  OK  [0m] Reached target Basic System.
[[0;32m  OK  [0m] Reached target Login Prompts (Pre).
         Starting Login Service...
[[0;32m  OK  [0m] Started Deferred execution scheduler.
         Starting Dispatcher daemon for systemd-networkd...
[[0;32m  OK  [0m] Started D-Bus System Message Bus.
         Starting Accounts Service...
         Starting LSB: Record successful boot for GRUB...
         Starting Snap Daemon...
[[0;32m  OK  [0m] Started FUSE filesystem for LXC.
         Starting LSB: automatic crash report generation...
[[0;32m  OK  [0m] Started irqbalance daemon.
         Starting System Logging Service...
         Starting A high performance web server and a reverse proxy server...
         Starting Permit User Sessions...
[[0;32m  OK  [0m] Started Regular background program processing daemon.
         Starting Virtualbox guest utils...
         Starting OpenBSD Secure Shell server...
         Starting LXD - container startup/shutdown...
[[0;32m  OK  [0m] Started System Logging Service.
[[0;32m  OK  [0m] Started Permit User Sessions.
[[0;32m  OK  [0m] Started Dispatcher daemon for systemd-networkd.
[[0;32m  OK  [0m] Started Login Service.
[[0;32m  OK  [0m] Started OpenBSD Secure Shell server.
[[0;32m  OK  [0m] Started A high performance web server and a reverse proxy server.
         Starting Authorization Manager...
[[0;32m  OK  [0m] Started Unattended Upgrades Shutdown.
         Starting Hostname Service...
         Starting Hold until boot process finishes up...
         Starting Terminate Plymouth Boot Screen...
[[0;32m  OK  [0m] Started Hold until boot process finishes up.
         Starting Set console scheme...
[[0;32m  OK  [0m] Started Serial Getty on ttyS0.
[[0;32m  OK  [0m] Started LSB: automatic crash report generation.
[[0;32m  OK  [0m] Started Terminate Plymouth Boot Screen.
[[0;32m  OK  [0m] Started Authorization Manager.
[[0;32m  OK  [0m] Started Accounts Service.
[[0;32m  OK  [0m] Started Set console scheme.
[[0;32m  OK  [0m] Created slice system-getty.slice.
[[0;32m  OK  [0m] Started Getty on tty1.
[[0;32m  OK  [0m] Reached target Login Prompts.
[[0;32m  OK  [0m] Started LSB: Record successful boot for GRUB.
[[0;32m  OK  [0m] Started Hostname Service.
[[0;32m  OK  [0m] Started Virtualbox guest utils.
[[0;32m  OK  [0m] Started LXD - container startup/shutdown.
[[0;32m  OK  [0m] Created slice User Slice of vagrant.
         Starting User Manager for UID 1000...
[[0;32m  OK  [0m] Started Session 1 of user vagrant.
[[0;32m  OK  [0m] Started User Manager for UID 1000.
[[0;32m  OK  [0m] Started Snap Daemon.
         Starting Wait until snapd is fully seeded...
         Starting Time & Date Service...
[[0;32m  OK  [0m] Started Time & Date Service.
[[0;32m  OK  [0m] Started Wait until snapd is fully seeded.
         Starting Apply the settings specified in cloud-config...
[  105.953438] cloud-init[1159]: Cloud-init v. 23.1.2-0ubuntu0~18.04.1 running 'modules:config' at Tue, 14 Jan 2025 18:30:07 +0000. Up 105.72 seconds.
[[0;32m  OK  [0m] Started Apply the settings specified in cloud-config.
[[0;32m  OK  [0m] Reached target Multi-User System.
[[0;32m  OK  [0m] Reached target Graphical Interface.
         Starting Update UTMP about System Runlevel Changes...
         Starting Execute cloud user/final scripts...
[[0;32m  OK  [0m] Started Update UTMP about System Runlevel Changes.
[  107.072220] cloud-init[1260]: Cloud-init v. 23.1.2-0ubuntu0~18.04.1 running 'modules:final' at Tue, 14 Jan 2025 18:30:08 +0000. Up 106.82 seconds.
[  107.092626] cloud-init[1260]: Cloud-init v. 23.1.2-0ubuntu0~18.04.1 finished at Tue, 14 Jan 2025 18:30:08 +0000. Datasource DataSourceNoCloud [seed=/dev/sdb][dsmode=net].  Up 107.05 seconds
[[0;32m  OK  [0m] Started Execute cloud user/final scripts.
[[0;32m  OK  [0m] Reached target Cloud-init target.

Ubuntu 18.04.6 LTS ubuntu-bionic ttyS0

ubuntu-bionic login: 